<?xml version="1.0" encoding="UTF-8" ?>
<testsuite failures="0" time="0.031" errors="0" skipped="1" tests="8" name="org.jprimer.core.primer.PrimerTest">
  <properties>
[...]
</properties>
  <testcase time="0" name="testSetSequence_Valid"/>
  <testcase time="0" name="testSetSequence_Invalid"/>
  <testcase time="0" name="testAnalysePrimer_Forward_Valid"/>
  <testcase time="0" name="testAnalysePrimer_ReverseFalse_Valid"/>
  <testcase time="0.015" name="testGetGcCount"/>
  <testcase time="0" name="testGetGcConcentration"/>
  <testcase time="0" name="testGetLength"/>
</testsuite>